APPLICATION	Car_Generic &lt;insert.your.version.no&gt; #704 (win64-9.1.1)
COMPILED	student@desktop-35mn2a9 2021-07-13 12:47:18
 
FIRST_INIT	(internal default used)	2021-07-13 12:47:33
TIME	0.000
SIM_END			0s	0m
IDLE	12:47:33
SIM_START	HighwayPilot_v2_2	2021-07-13 12:47:36
TIME	0.068
		Current random seed value = 1626173256
TIME	0.000
SIMULATE	HighwayPilot_v2_2

TIME	109.660
SIM_END		HighwayPilot_v2_2	109.657s	3269.98m
SIM_START	HighwayPilot_v2_2	2021-07-13 12:48:35
TIME	0.064
		Current random seed value = 1626173315
TIME	0.000
SIMULATE	HighwayPilot_v2_2

TIME	97.110
SIM_END		HighwayPilot_v2_2	97.107s	2864.93m
SHUTDOWN	CarMaker quick shutdown initiated

