APPLICATION	Car_Generic &lt;insert.your.version.no&gt; #382 (win64-9.1.1)
COMPILED	student@desktop-35mn2a9 2021-07-03 20:20:27
 
FIRST_INIT	(internal default used)	2021-07-03 20:20:40
TIME	0.000
SIM_END			0s	0m
IDLE	20:20:41
SIM_START	HighwayPilot_v1_2	2021-07-03 20:20:42
TIME	0.000
SIMULATE	HighwayPilot_v1_2

TIME	13.112
ERROR		Vehicle leaves road at about x=429.494, y=-378.148 TireNo=3
SIM_ABORT	HighwayPilot_v1_2	13.112s	303.703m
SIM_START	HighwayPilot_v1_2	2021-07-03 20:21:07
TIME	0.000
SIMULATE	HighwayPilot_v1_2

TIME	9.876
SIM_END		HighwayPilot_v1_2	9.873s	231.608m
TIME	13.568
SIM_START	HighwayPilot_v1_2	2021-07-03 20:21:55
TIME	0.000
SIMULATE	HighwayPilot_v1_2

TIME	3.049
ERROR		Embedded FARoadSensor Geo:  xyz (-57.31 -70.95 0.31) not found on Road
SIM_ABORT	HighwayPilot_v1_2	3.049s	64.1082m
SIM_START	HighwayPilot_v1_2	2021-07-03 20:22:19
TIME	0.000
SIMULATE	HighwayPilot_v1_2

TIME	3.049
ERROR		Embedded FARoadSensor Geo:  xyz (-57.31 -70.95 0.31) not found on Road
SIM_ABORT	HighwayPilot_v1_2	3.049s	64.1082m
SHUTDOWN	CarMaker quick shutdown initiated

