APPLICATION	Car_Generic &lt;insert.your.version.no&gt; #1072 (win64-9.1.1)
COMPILED	student@desktop-35mn2a9 2021-07-28 22:20:58
 
FIRST_INIT	(internal default used)	2021-07-28 22:21:08
TIME	0.000
SIM_END			0s	0m
IDLE	22:21:09
SIM_START	Scenario3_Overtake	2021-07-28 22:21:11
TIME	0.073
		Current random seed value = 1627503671
TIME	0.000
SIMULATE	Scenario3_Overtake

TIME	117.091
SIM_END		Scenario3_Overtake	117.087s	3762.74m
SIM_START	Scenario3_Overtake	2021-07-28 22:21:41
TIME	0.073
		Current random seed value = 1627503701
TIME	0.000
SIMULATE	Scenario3_Overtake

TIME	146.010
SIM_END		Scenario3_Overtake	146.006s	4477.53m
TIME	157.151
SHUTDOWN	CarMaker quick shutdown initiated

