APPLICATION	Car_Generic &lt;insert.your.version.no&gt; #561 (win64-9.1.1)
COMPILED	student@desktop-35mn2a9 2021-07-08 16:24:30
 
FIRST_INIT	(internal default used)	2021-07-08 16:24:39
TIME	0.000
SIM_END			0s	0m
IDLE	16:24:40
SIM_START	HighwayPilot_v1_2	2021-07-08 16:24:43
TIME	0.067
		Current random seed value = 1625754283
TIME	0.000
SIMULATE	HighwayPilot_v1_2

TIME	141.906
SIM_END		HighwayPilot_v1_2	141.903s	4474.53m
TIME	148.688
SIM_START	HighwayPilot_v1_2	2021-07-08 16:28:15
TIME	0.068
		Current random seed value = 1625754495
TIME	0.000
SIMULATE	HighwayPilot_v1_2

TIME	141.906
SIM_END		HighwayPilot_v1_2	141.903s	4474.53m
TIME	749.120
SIM_START	HighwayPilot_v1_2	2021-07-08 18:11:51
TIME	0.074
		Current random seed value = 1625760711
TIME	0.000
SIMULATE	HighwayPilot_v1_2

TIME	141.906
SIM_END		HighwayPilot_v1_2	141.903s	4474.53m
TIME	150.042
SHUTDOWN	CarMaker quick shutdown initiated

