APPLICATION	Car_Generic &lt;insert.your.version.no&gt; #216 (win64-9.1.1)
COMPILED	student@desktop-35mn2a9 2021-07-02 20:39:32
 
FIRST_INIT	(internal default used)	2021-07-02 20:39:59
TIME	0.000
SIM_END			0s	0m
IDLE	20:40:00
SIM_START	HighwayPilot_v1_2	2021-07-02 20:40:05
TIME	0.000
SIMULATE	HighwayPilot_v1_2

TIME	5.913
SIM_END		HighwayPilot_v1_2	5.91s	143.375m
TIME	10.966
SIM_START	HighwayPilot_v1_2	2021-07-02 20:41:04
TIME	0.000
SIMULATE	HighwayPilot_v1_2

TIME	12.665
SIM_END		HighwayPilot_v1_2	12.662s	279.993m
TIME	15.896
SIM_START	HighwayPilot_v1_2	2021-07-02 20:41:51
TIME	0.000
SIMULATE	HighwayPilot_v1_2

ERROR		Vehicle leaves road at about x=-1517.75, y=967.916 TireNo=1
SIM_ABORT	HighwayPilot_v1_2	1.513s	31.0194m
TIME	2.078
SHUTDOWN	CarMaker quick shutdown initiated

