APPLICATION	Car_Generic &lt;insert.your.version.no&gt; #1001 (win64-9.1.1)
COMPILED	student@desktop-35mn2a9 2021-07-22 21:29:49
 
FIRST_INIT	(internal default used)	2021-07-22 21:31:36
TIME	0.000
SIM_END			0s	0m
IDLE	21:31:36
SIM_START	HighwayPilot_v3_1	2021-07-22 21:31:39
TIME	0.081
		Current random seed value = 1626982299
TIME	0.000
SIMULATE	HighwayPilot_v3_1

TIME	4.442
SIM_END		HighwayPilot_v3_1	4.439s	75.0855m
TIME	19.037
SIM_START	HighwayPilot_v3_1	2021-07-22 21:34:12
TIME	0.075
		Current random seed value = 1626982452
TIME	0.000
SIMULATE	HighwayPilot_v3_1

TIME	118.084
SIM_END		HighwayPilot_v3_1	118.079s	3821.86m
TIME	121.312
SIM_START	HighwayPilot_v3_1	2021-07-22 21:36:46
TIME	0.075
		Current random seed value = 1626982606
TIME	0.000
SIMULATE	HighwayPilot_v3_1

TIME	115.800
SIM_END		HighwayPilot_v3_1	115.797s	3364.56m
SHUTDOWN	CarMaker quick shutdown initiated

