APPLICATION	Car_Generic &lt;insert.your.version.no&gt; #822 (win64-9.1.1)
COMPILED	student@desktop-35mn2a9 2021-07-13 19:22:53
 
FIRST_INIT	(internal default used)	2021-07-19 11:57:46
TIME	0.000
SIM_END			0s	0m
IDLE	11:57:47
TIME	2.564
SIM_START	HighwayPilot_v2_2	2021-07-19 11:58:13
TIME	0.090
		Current random seed value = 1626688693
TIME	0.000
SIMULATE	HighwayPilot_v2_2

TIME	78.768
SIM_END		HighwayPilot_v2_2	78.763s	2342.27m
SIM_START	HighwayPilot_v2_2	2021-07-19 11:59:38
TIME	0.075
		Current random seed value = 1626688778
TIME	0.000
SIMULATE	HighwayPilot_v2_2

TIME	9.117
SIM_END		HighwayPilot_v2_2	9.113s	183.902m
TIME	15.029
SIM_START	HighwayPilot_v2_2	2021-07-19 12:00:50
TIME	0.074
		Current random seed value = 1626688850
TIME	0.000
SIMULATE	HighwayPilot_v2_2

TIME	148.431
SIM_END		HighwayPilot_v2_2	148.428s	4473.42m
TIME	188.855
SHUTDOWN	CarMaker quick shutdown initiated

