APPLICATION	Car_Generic &lt;insert.your.version.no&gt; #877 (win64-9.1.1)
COMPILED	student@desktop-35mn2a9 2021-07-20 18:13:33
 
FIRST_INIT	(internal default used)	2021-07-20 18:14:37
TIME	0.000
SIM_END			0s	0m
IDLE	18:14:38
SIM_START	HighwayPilot_v2_2	2021-07-20 18:14:49
TIME	0.078
		Current random seed value = 1626797689
TIME	0.000
SIMULATE	HighwayPilot_v2_2

TIME	23.206
SIM_END		HighwayPilot_v2_2	23.2s	649.971m
SIM_START	HighwayPilot_v2_2	2021-07-20 18:15:28
TIME	0.078
		Current random seed value = 1626797728
TIME	0.000
SIMULATE	HighwayPilot_v2_2

TIME	26.230
SIM_END		HighwayPilot_v2_2	26.227s	759.257m
TIME	0.001
TIME	35.275
SIM_START	HighwayPilot_v2_2	2021-07-20 18:17:28
TIME	0.076
		Current random seed value = 1626797848
TIME	0.000
SIMULATE	HighwayPilot_v2_2

TIME	151.186
SIM_END		HighwayPilot_v2_2	151.183s	4474.42m
SHUTDOWN	CarMaker quick shutdown initiated

