APPLICATION	Car_Generic &lt;insert.your.version.no&gt; #808 (win64-9.1.1)
COMPILED	student@desktop-35mn2a9 2021-07-13 19:03:32
 
FIRST_INIT	(internal default used)	2021-07-13 19:03:41
TIME	0.000
SIM_END			0s	0m
IDLE	19:03:41
SIM_START	HighwayPilot_v2_2	2021-07-13 19:03:44
TIME	0.068
		Current random seed value = 1626195824
TIME	0.000
SIMULATE	HighwayPilot_v2_2

TIME	148.560
SIM_END		HighwayPilot_v2_2	148.557s	4474.47m
SIM_START	HighwayPilot_v2_2	2021-07-13 19:04:44
TIME	0.065
		Current random seed value = 1626195884
TIME	0.000
SIMULATE	HighwayPilot_v2_2

TIME	119.608
SHUTDOWN	CarMaker quick shutdown initiated

SIM_END		HighwayPilot_v2_2	119.608s	2491.48m
