APPLICATION	Car_Generic &lt;insert.your.version.no&gt; #1049 (win64-9.1.1)
COMPILED	student@desktop-35mn2a9 2021-07-28 19:12:13
 
FIRST_INIT	(internal default used)	2021-07-28 19:12:22
TIME	0.000
SIM_END			0s	0m
IDLE	19:12:22
SIM_START	HighwayPilot_v3_1	2021-07-28 19:12:25
TIME	0.074
		Current random seed value = 1627492345
TIME	0.000
SIMULATE	HighwayPilot_v3_1

TIME	33.801
SIM_END		HighwayPilot_v3_1	33.798s	990.429m
SIM_START	HighwayPilot_v3_1	2021-07-28 19:12:36
TIME	0.073
		Current random seed value = 1627492356
TIME	0.000
SIMULATE	HighwayPilot_v3_1

TIME	137.900
SIM_END		HighwayPilot_v3_1	137.894s	4148.4m
TIME	141.044
SIM_START	HighwayPilot_v3_1	2021-07-28 19:13:38
TIME	0.072
		Current random seed value = 1627492418
TIME	0.000
SIMULATE	HighwayPilot_v3_1

TIME	154.744
SIM_END		HighwayPilot_v3_1	154.741s	4471.66m
TIME	165.524
SHUTDOWN	CarMaker quick shutdown initiated

