APPLICATION	Car_Generic &lt;insert.your.version.no&gt; #1090 (win64-9.1.1)
COMPILED	student@desktop-35mn2a9 2021-08-03 16:49:56
 
FIRST_INIT	(internal default used)	2021-08-03 16:50:06
TIME	0.000
SIM_END			0s	0m
IDLE	16:50:06
SIM_START	Scenario2_Curvature_Drive	2021-08-03 16:50:13
TIME	0.072
		Current random seed value = 1628002213
TIME	0.000
SIMULATE	Scenario2_Curvature_Drive

TIME	23.635
ERROR		Vehicle leaves road at about x=-3.20463, y=79.3443 TireNo=3
SIM_ABORT	Scenario2_Curvature_Drive	23.635s	599.808m
TIME	26.895
SIM_START	Scenario2_Curvature_Drive	2021-08-03 16:50:56
TIME	0.072
		Current random seed value = 1628002256
TIME	0.000
SIMULATE	Scenario2_Curvature_Drive

TIME	88.457
SIM_END		Scenario2_Curvature_Drive	88.454s	3016.53m
SHUTDOWN	CarMaker quick shutdown initiated

