APPLICATION	Car_Generic &lt;insert.your.version.no&gt; #136 (win64-9.1.1)
COMPILED	student@desktop-35mn2a9 2021-06-29 21:49:49
 
FIRST_INIT	(internal default used)	2021-07-01 10:05:43
TIME	0.000
SIM_END			0s	0m
IDLE	10:05:44
TIME	2.281
SIM_START	HighwayPilot_v1_2	2021-07-01 10:06:07
TIME	0.000
SIMULATE	HighwayPilot_v1_2

TIME	99.052
SIM_END		HighwayPilot_v1_2	99.049s	3495.91m
SIM_START	HighwayPilot_v1_2	2021-07-01 10:08:06
TIME	0.000
SIMULATE	HighwayPilot_v1_2

TIME	3.471
SIM_END		HighwayPilot_v1_2	3.468s	84.0067m
SIM_START	HighwayPilot_v1_2	2021-07-01 10:08:18
TIME	0.000
SIMULATE	HighwayPilot_v1_2

TIME	100.897
SIM_END		HighwayPilot_v1_2	100.894s	3562.63m
TIME	121.943
SHUTDOWN	CarMaker quick shutdown initiated

