APPLICATION	CarMaker 9.1.1 - Car_Generic #475 (win64-9.1.1)
COMPILED	fh@obelix.ipg 2020-12-18 15:49:20
 
FIRST_INIT	(internal default used)	2021-06-26 17:11:44
TIME	0.000
SIM_END			0s	0m
IDLE	17:11:45
SIM_START	HighwayPilot	2021-06-26 17:11:47
TIME	0.000
SIMULATE	HighwayPilot

TIME	13.087
SIM_END		HighwayPilot	13.084s	500.66m
TIME	16.212
SIM_START	HighwayPilot	2021-06-26 17:12:35
TIME	0.000
SIMULATE	HighwayPilot

TIME	120.972
SIM_END		HighwayPilot	120.969s	4995.76m
TIME	172.291
SIM_START	HighwayPilot	2021-06-26 17:23:12
TIME	0.000
SIMULATE	HighwayPilot

TIME	23.261
SIM_END		HighwayPilot	23.258s	924.474m
TIME	37.544
SIM_START	HighwayPilot	2021-06-26 17:26:02
TIME	0.000
SIMULATE	HighwayPilot

TIME	64.688
SIM_END		HighwayPilot	64.685s	1591.2m
TIME	94.092
SIM_START	HighwayPilot	2021-06-26 17:32:04
TIME	0.000
SIMULATE	HighwayPilot

TIME	69.026
SIM_END		HighwayPilot	69.021s	1688.07m
TIME	73.865
SIM_START	HighwayPilot	2021-06-26 17:33:07
TIME	0.000
SIMULATE	HighwayPilot

TIME	110.960
SIM_END		HighwayPilot	110.957s	2621.49m
TIME	173.591
SIM_START	HighwayPilot	2021-06-26 17:43:57
TIME	0.000
SIMULATE	HighwayPilot

TIME	53.489
SIM_END		HighwayPilot	53.486s	1597.53m
SIM_START	HighwayPilot	2021-06-26 17:44:22
TIME	0.000
SIMULATE	HighwayPilot

TIME	53.489
SIM_END		HighwayPilot	53.486s	1597.53m
TIME	105.614
SHUTDOWN	CarMaker quick shutdown initiated

