APPLICATION	Car_Generic &lt;insert.your.version.no&gt; #1007 (win64-9.1.1)
COMPILED	student@desktop-35mn2a9 2021-07-22 22:02:48
 
FIRST_INIT	(internal default used)	2021-07-22 22:02:59
TIME	0.000
SIM_END			0s	0m
IDLE	22:03:00
SIM_START	HighwayPilot_v3_1	2021-07-22 22:03:02
TIME	0.096
		Current random seed value = 1626984182
TIME	0.000
SIMULATE	HighwayPilot_v3_1

TIME	76.073
SIM_END		HighwayPilot_v3_1	76.068s	2261.98m
SIM_START	HighwayPilot_v3_1	2021-07-22 22:03:22
TIME	0.079
		Current random seed value = 1626984202
TIME	0.000
SIMULATE	HighwayPilot_v3_1

TIME	134.950
SIM_END		HighwayPilot_v3_1	134.946s	3888.85m
SHUTDOWN	CarMaker quick shutdown initiated

