APPLICATION	Car_Generic &lt;insert.your.version.no&gt; #1030 (win64-9.1.1)
COMPILED	student@desktop-35mn2a9 2021-07-22 22:59:02
 
FIRST_INIT	(internal default used)	2021-07-22 22:59:08
TIME	0.000
SIM_END			0s	0m
IDLE	22:59:09
SIM_START	HighwayPilot_v3_1	2021-07-22 22:59:11
TIME	0.105
		Current random seed value = 1626987551
TIME	0.000
SIMULATE	HighwayPilot_v3_1

TIME	132.891
SIM_END		HighwayPilot_v3_1	132.887s	4475.82m
SIM_START	HighwayPilot_v3_1	2021-07-22 22:59:49
TIME	0.074
		Current random seed value = 1626987589
TIME	0.000
SIMULATE	HighwayPilot_v3_1

TIME	137.849
SIM_END		HighwayPilot_v3_1	137.846s	4477.43m
SHUTDOWN	CarMaker quick shutdown initiated

