APPLICATION	Car_Generic &lt;insert.your.version.no&gt; #822 (win64-9.1.1)
COMPILED	student@desktop-35mn2a9 2021-07-13 19:22:53
 
FIRST_INIT	(internal default used)	2021-07-13 19:29:02
TIME	0.000
SIM_END			0s	0m
IDLE	19:29:02
TIME	3.074
SIM_START	HighwayPilot_v2_2	2021-07-13 19:29:33
TIME	0.007
WARNING		Cannot start simulation, must be in state 'Idle' (currently 'StartWait')
WARNING		Cannot start simulation, must be in state 'Idle' (currently 'StartWait')
		Current random seed value = 1626197373
TIME	0.000
SIMULATE	HighwayPilot_v2_2

TIME	12.181
WARNING		Cannot start simulation, must be in state 'Idle' (currently 'Simulate')
TIME	148.431
SIM_END		HighwayPilot_v2_2	148.428s	4473.42m
TIME	153.245
SIM_START	HighwayPilot_v2_2	2021-07-13 19:31:13
TIME	0.066
		Current random seed value = 1626197473
TIME	0.000
SIMULATE	HighwayPilot_v2_2

TIME	148.431
SIM_END		HighwayPilot_v2_2	148.428s	4473.42m
SIM_START	HighwayPilot_v2_2	2021-07-13 19:32:17
TIME	0.064
		Current random seed value = 1626197537
TIME	0.000
SIMULATE	HighwayPilot_v2_2

TIME	148.432
SIM_END		HighwayPilot_v2_2	148.428s	4473.42m
TIME	152.995
SHUTDOWN	CarMaker quick shutdown initiated

