APPLICATION	Car_Generic &lt;insert.your.version.no&gt; #1062 (win64-9.1.1)
COMPILED	student@desktop-35mn2a9 2021-07-28 19:52:21
 
FIRST_INIT	(internal default used)	2021-07-28 20:14:21
TIME	0.000
SIM_END			0s	0m
IDLE	20:14:21
SIM_START	Scenario1_Speedcontroll_ACC	2021-07-28 20:14:26
TIME	0.072
		Current random seed value = 1627496066
TIME	0.000
SIMULATE	Scenario1_Speedcontroll_ACC

TIME	43.873
SIM_END		Scenario1_Speedcontroll_ACC	43.869s	1374.32m
TIME	49.422
SIM_START	Scenario1_Speedcontroll_ACC	2021-07-28 20:15:39
TIME	0.073
		Current random seed value = 1627496139
TIME	0.000
SIMULATE	Scenario1_Speedcontroll_ACC

TIME	56.828
SIM_END		Scenario1_Speedcontroll_ACC	56.825s	1677.99m
SIM_START	Scenario1_Speedcontroll_ACC	2021-07-28 20:16:20
TIME	0.072
		Current random seed value = 1627496180
TIME	0.000
SIMULATE	Scenario1_Speedcontroll_ACC

TIME	26.825
SIM_END		Scenario1_Speedcontroll_ACC	26.822s	780.884m
SIM_START	Scenario1_Speedcontroll_ACC	2021-07-28 20:16:58
TIME	0.072
		Current random seed value = 1627496218
TIME	0.000
SIMULATE	Scenario1_Speedcontroll_ACC

TIME	123.936
SIM_END		Scenario1_Speedcontroll_ACC	123.932s	3591.41m
TIME	127.003
SIM_START	Scenario1_Speedcontroll_ACC	2021-07-28 20:18:13
TIME	0.072
		Current random seed value = 1627496293
TIME	0.000
SIMULATE	Scenario1_Speedcontroll_ACC

TIME	143.992
SIM_END		Scenario1_Speedcontroll_ACC	143.989s	4475.21m
TIME	148.455
SHUTDOWN	CarMaker quick shutdown initiated

