APPLICATION	Car_Generic &lt;insert.your.version.no&gt; #1065 (win64-9.1.1)
COMPILED	student@desktop-35mn2a9 2021-07-28 20:37:10
 
FIRST_INIT	(internal default used)	2021-07-28 20:37:20
TIME	0.000
SIM_END			0s	0m
IDLE	20:37:21
SIM_START	Scenario2_LaneKeeping_LaneChange	2021-07-28 20:37:25
TIME	0.075
		Current random seed value = 1627497445
TIME	0.000
SIMULATE	Scenario2_LaneKeeping_LaneChange

TIME	144.904
SIM_END		Scenario2_LaneKeeping_LaneChange	144.901s	4475.28m
TIME	149.858
SIM_START	Scenario3_Overtake	2021-07-28 20:39:05
TIME	0.074
		Current random seed value = 1627497545
TIME	0.000
SIMULATE	Scenario3_Overtake

TIME	81.896
SIM_END		Scenario3_Overtake	81.892s	2058.01m
SHUTDOWN	CarMaker quick shutdown initiated

