APPLICATION	Car_Generic &lt;insert.your.version.no&gt; #1070 (win64-9.1.1)
COMPILED	student@desktop-35mn2a9 2021-07-28 21:28:15
 
FIRST_INIT	(internal default used)	2021-07-28 21:30:51
TIME	0.000
SIM_END			0s	0m
IDLE	21:30:51
SIM_START	Scenario3_Overtake	2021-07-28 21:30:53
TIME	0.074
		Current random seed value = 1627500653
TIME	0.000
SIMULATE	Scenario3_Overtake

TIME	143.994
SIM_END		Scenario3_Overtake	143.991s	4476.44m
SIM_START	Scenario3_Overtake	2021-07-28 21:31:57
TIME	0.075
		Current random seed value = 1627500717
TIME	0.000
SIMULATE	Scenario3_Overtake

TIME	137.351
SIM_END		Scenario3_Overtake	137.348s	4237.25m
TIME	140.026
SIM_START	Scenario3_Overtake	2021-07-28 21:33:35
TIME	0.072
		Current random seed value = 1627500815
TIME	0.000
SIMULATE	Scenario3_Overtake

TIME	146.702
SIM_END		Scenario3_Overtake	146.699s	4477.83m
TIME	158.630
SIM_START	Scenario3_Overtake	2021-07-28 21:36:41
TIME	0.073
		Current random seed value = 1627501001
TIME	0.000
SIMULATE	Scenario3_Overtake

TIME	112.952
SIM_END		Scenario3_Overtake	112.949s	3400.3m
TIME	116.132
SIM_START	Scenario3_Overtake	2021-07-28 21:37:48
TIME	0.073
		Current random seed value = 1627501068
TIME	0.000
SIMULATE	Scenario3_Overtake

TIME	138.825
SIM_END		Scenario3_Overtake	138.822s	4137.03m
TIME	145.841
SIM_START	Scenario3_Overtake	2021-07-28 21:39:52
TIME	0.071
		Current random seed value = 1627501192
TIME	0.000
SIMULATE	Scenario3_Overtake

TIME	131.598
SIM_END		Scenario3_Overtake	131.595s	3938.83m
TIME	133.683
SIM_START	Scenario3_Overtake	2021-07-28 21:41:03
TIME	0.071
		Current random seed value = 1627501263
TIME	0.000
SIMULATE	Scenario3_Overtake

TIME	146.161
SIM_END		Scenario3_Overtake	146.158s	4474.32m
TIME	207.835
SHUTDOWN	CarMaker quick shutdown initiated

