APPLICATION	Car_Generic &lt;insert.your.version.no&gt; #595 (win64-9.1.1)
COMPILED	student@desktop-35mn2a9 2021-07-10 23:13:55
 
FIRST_INIT	(internal default used)	2021-07-10 23:16:06
TIME	0.000
SIM_END			0s	0m
IDLE	23:16:07
TIME	3.672
SIM_START	HighwayPilot_v2_2	2021-07-10 23:16:44
TIME	0.000
SIMULATE	HighwayPilot_v2_2

TIME	16.834
SIM_END		HighwayPilot_v2_2	16.831s	571.678m
TIME	20.408
SIM_START	HighwayPilot_v2_2	2021-07-10 23:17:41
TIME	0.000
SIMULATE	HighwayPilot_v2_2

TIME	160.295
SIM_END		HighwayPilot_v2_2	160.292s	4475.14m
TIME	500.124
SHUTDOWN	CarMaker quick shutdown initiated

