APPLICATION	Car_Generic &lt;insert.your.version.no&gt; #1079 (win64-9.1.1)
COMPILED	student@desktop-35mn2a9 2021-08-03 12:32:32
 
FIRST_INIT	(internal default used)	2021-08-03 12:32:44
TIME	0.000
SIM_END			0s	0m
IDLE	12:32:44
SIM_START	Scenario3_Overtake	2021-08-03 12:32:53
TIME	0.075
		Current random seed value = 1627986773
TIME	0.000
SIMULATE	Scenario3_Overtake

TIME	114.976
SIM_END		Scenario3_Overtake	114.973s	3825.41m
SIM_START	Scenario3_Overtake	2021-08-03 12:33:53
TIME	0.073
		Current random seed value = 1627986833
TIME	0.000
SIMULATE	Scenario3_Overtake

TIME	14.013
SIM_END		Scenario3_Overtake	14.009s	269.009m
TIME	0.001
SIM_START	Scenario3_Overtake	2021-08-03 12:34:13
TIME	0.073
		Current random seed value = 1627986853
TIME	0.000
SIMULATE	Scenario3_Overtake

TIME	157.070
SIM_END		Scenario3_Overtake	157.066s	4471.74m
TIME	212.415
SHUTDOWN	CarMaker quick shutdown initiated

