APPLICATION	Car_Generic &lt;insert.your.version.no&gt; #1004 (win64-9.1.1)
COMPILED	student@desktop-35mn2a9 2021-07-22 21:55:41
 
FIRST_INIT	(internal default used)	2021-07-22 21:55:54
TIME	0.000
SIM_END			0s	0m
IDLE	21:55:54
SIM_START	HighwayPilot_v3_1	2021-07-22 21:55:57
TIME	0.082
		Current random seed value = 1626983757
TIME	0.000
SIMULATE	HighwayPilot_v3_1

TIME	120.615
SIM_END		HighwayPilot_v3_1	120.611s	3854.84m
SIM_START	HighwayPilot_v3_1	2021-07-22 21:56:32
TIME	0.075
		Current random seed value = 1626983792
TIME	0.000
SIMULATE	HighwayPilot_v3_1

TIME	15.061
SIM_END		HighwayPilot_v3_1	15.057s	361.558m
SHUTDOWN	CarMaker quick shutdown initiated

