APPLICATION	Car_Generic &lt;insert.your.version.no&gt; #556 (win64-9.1.1)
COMPILED	student@desktop-35mn2a9 2021-07-08 14:20:44
 
FIRST_INIT	(internal default used)	2021-07-08 14:21:01
TIME	0.000
SIM_END			0s	0m
IDLE	14:21:02
SIM_START	HighwayPilot_v1_2	2021-07-08 14:21:22
TIME	0.068
		Current random seed value = 1625746882
TIME	0.000
SIMULATE	HighwayPilot_v1_2

TIME	73.566
SIM_END		HighwayPilot_v1_2	73.563s	2248.99m
TIME	440.054
SIM_START	HighwayPilot_v1_2	2021-07-08 15:23:43
TIME	0.078
		Current random seed value = 1625750623
TIME	0.000
SIMULATE	HighwayPilot_v1_2

SIM_END		HighwayPilot_v1_2	1.955s	46.1619m
TIME	35.705
SHUTDOWN	CarMaker quick shutdown initiated

