APPLICATION	Car_Generic &lt;insert.your.version.no&gt; #634 (win64-9.1.1)
COMPILED	student@desktop-35mn2a9 2021-07-12 22:53:03
 
FIRST_INIT	(internal default used)	2021-07-12 22:53:10
TIME	0.000
SIM_END			0s	0m
IDLE	22:53:11
SIM_START	HighwayPilot_v2_2	2021-07-12 22:53:13
TIME	0.068
		Current random seed value = 1626123193
TIME	0.000
SIMULATE	HighwayPilot_v2_2

TIME	84.220
SIM_END		HighwayPilot_v2_2	84.217s	2506.49m
SIM_START	HighwayPilot_v2_2	2021-07-12 22:54:40
TIME	0.065
		Current random seed value = 1626123280
TIME	0.000
SIMULATE	HighwayPilot_v2_2

TIME	60.988
SIM_END		HighwayPilot_v2_2	60.985s	1853.77m
SHUTDOWN	CarMaker quick shutdown initiated

