APPLICATION	Car_Generic &lt;insert.your.version.no&gt; #543 (win64-9.1.1)
COMPILED	student@desktop-35mn2a9 2021-07-07 23:51:24
 
FIRST_INIT	(internal default used)	2021-07-07 23:51:33
TIME	0.000
SIM_END			0s	0m
IDLE	23:51:34
SIM_START	HighwayPilot_v1_2	2021-07-07 23:51:36
TIME	0.067
		Current random seed value = 1625694696
TIME	0.000
SIMULATE	HighwayPilot_v1_2

TIME	80.310
SIM_END		HighwayPilot_v1_2	80.307s	2436.31m
TIME	86.940
SIM_START	HighwayPilot_v1_2	2021-07-07 23:54:05
TIME	0.067
		Current random seed value = 1625694845
TIME	0.000
SIMULATE	HighwayPilot_v1_2

TIME	49.842
SIM_END		HighwayPilot_v1_2	49.839s	1589.29m
SIM_START	HighwayPilot_v1_2	2021-07-07 23:55:07
TIME	0.065
		Current random seed value = 1625694907
TIME	0.000
SIMULATE	HighwayPilot_v1_2

TIME	13.694
SIM_END		HighwayPilot_v1_2	13.691s	412.808m
SHUTDOWN	CarMaker quick shutdown initiated

