APPLICATION	Car_Generic &lt;insert.your.version.no&gt; #298 (win64-9.1.1)
COMPILED	student@desktop-35mn2a9 2021-07-03 17:44:09
 
FIRST_INIT	(internal default used)	2021-07-03 17:45:11
TIME	0.000
SIM_END			0s	0m
IDLE	17:45:12
SIM_START	HighwayPilot_v1_2	2021-07-03 17:45:19
TIME	0.000
SIMULATE	HighwayPilot_v1_2

TIME	23.260
SIM_END		HighwayPilot_v1_2	23.257s	539.836m
TIME	25.473
SIM_START	HighwayPilot_v1_2	2021-07-03 17:46:06
TIME	0.000
SIMULATE	HighwayPilot_v1_2

TIME	17.443
SIM_END		HighwayPilot_v1_2	17.44s	191.552m
SIM_START	HighwayPilot_v1_2	2021-07-03 17:46:31
TIME	0.000
SIMULATE	HighwayPilot_v1_2

TIME	7.338
SIM_END		HighwayPilot_v1_2	7.335s	122.412m
SHUTDOWN	CarMaker quick shutdown initiated

