APPLICATION	Car_Generic &lt;insert.your.version.no&gt; #959 (win64-9.1.1)
COMPILED	student@desktop-35mn2a9 2021-07-21 00:37:42
 
FIRST_INIT	(internal default used)	2021-07-21 00:37:54
TIME	0.000
SIM_END			0s	0m
IDLE	00:37:54
SIM_START	HighwayPilot_v2_2	2021-07-21 00:37:57
TIME	0.076
		Current random seed value = 1626820677
TIME	0.000
SIMULATE	HighwayPilot_v2_2

TIME	151.999
SIM_END		HighwayPilot_v2_2	151.996s	4480.89m
TIME	156.932
SIM_START	HighwayPilot_v2_2	2021-07-21 00:40:05
TIME	0.075
		Current random seed value = 1626820805
TIME	0.000
SIMULATE	HighwayPilot_v2_2

TIME	155.617
SIM_END		HighwayPilot_v2_2	155.612s	4475.37m
SHUTDOWN	CarMaker quick shutdown initiated

