APPLICATION	Car_Generic &lt;insert.your.version.no&gt; #1062 (win64-9.1.1)
COMPILED	student@desktop-35mn2a9 2021-07-28 19:52:21
 
FIRST_INIT	(internal default used)	2021-07-28 20:11:42
TIME	0.000
SIM_END			0s	0m
IDLE	20:11:43
SIM_START	Scenario3_LaneChangeProtect_Overtake	2021-07-28 20:11:46
TIME	0.073
		Current random seed value = 1627495906
TIME	0.000
SIMULATE	Scenario3_LaneChangeProtect_Overtake

TIME	151.728
SIM_END		Scenario3_LaneChangeProtect_Overtake	151.725s	4476.37m
SIM_START	Scenario3_LaneChangeProtect_Overtake	2021-07-28 20:12:49
TIME	0.074
		Current random seed value = 1627495969
TIME	0.000
SIMULATE	Scenario3_LaneChangeProtect_Overtake

TIME	133.537
SIM_END		Scenario3_LaneChangeProtect_Overtake	133.534s	4041.76m
TIME	137.849
SHUTDOWN	CarMaker quick shutdown initiated

