APPLICATION	Car_Generic &lt;insert.your.version.no&gt; #1141 (win64-9.1.1)
COMPILED	student@desktop-35mn2a9 2021-08-03 18:45:53
 
FIRST_INIT	(internal default used)	2021-08-03 18:46:01
TIME	0.000
SIM_END			0s	0m
IDLE	18:46:02
SIM_START	Scenario2_Clothoid_Drive	2021-08-03 18:46:05
TIME	0.072
		Current random seed value = 1628009165
TIME	0.000
SIMULATE	Scenario2_Clothoid_Drive

TIME	56.821
SIM_END		Scenario2_Clothoid_Drive	56.818s	1358.14m
SIM_START	Scenario2_Curvature_Drive	2021-08-03 18:46:41
TIME	0.072
		Current random seed value = 1628009201
TIME	0.000
SIMULATE	Scenario2_Curvature_Drive

TIME	80.146
SIM_END		Scenario2_Curvature_Drive	80.142s	2134.43m
SIM_START	Scenario2_Clothoid_Drive	2021-08-03 18:47:22
TIME	0.069
		Current random seed value = 1628009242
TIME	0.000
SIMULATE	Scenario2_Clothoid_Drive

TIME	56.822
SIM_END		Scenario2_Clothoid_Drive	56.818s	1358.14m
TIME	62.761
SHUTDOWN	CarMaker quick shutdown initiated

