APPLICATION	Car_Generic &lt;insert.your.version.no&gt; #1070 (win64-9.1.1)
COMPILED	student@desktop-35mn2a9 2021-07-28 21:28:15
 
FIRST_INIT	(internal default used)	2021-07-28 22:13:28
TIME	0.000
SIM_END			0s	0m
IDLE	22:13:29
SIM_START	Scenario3_Overtake	2021-07-28 22:13:34
TIME	0.077
		Current random seed value = 1627503214
TIME	0.000
SIMULATE	Scenario3_Overtake

TIME	150.682
SIM_END		Scenario3_Overtake	150.677s	4477.03m
TIME	0.001
SIM_START	Scenario3_Overtake	2021-07-28 22:14:10
TIME	0.072
		Current random seed value = 1627503250
TIME	0.000
SIMULATE	Scenario3_Overtake

TIME	59.764
SIM_END		Scenario3_Overtake	59.758s	1707.56m
SIM_START	Scenario3_Overtake	2021-07-28 22:14:26
TIME	0.073
		Current random seed value = 1627503266
TIME	0.000
SIMULATE	Scenario3_Overtake

TIME	73.897
ERROR		Embedded FARoadSensor Route:  xyz (0.03 -11.74 0.02) at 2070.791 not found on Road
SIM_ABORT	Scenario3_Overtake	73.897s	2078.33m
SIM_START	Scenario3_Overtake	2021-07-28 22:14:47
TIME	0.072
		Current random seed value = 1627503287
TIME	0.000
SIMULATE	Scenario3_Overtake

TIME	69.845
SIM_END		Scenario3_Overtake	69.841s	1945.16m
SHUTDOWN	CarMaker quick shutdown initiated

