APPLICATION	Car_Generic &lt;insert.your.version.no&gt; #564 (win64-9.1.1)
COMPILED	student@desktop-35mn2a9 2021-07-08 18:49:19
 
FIRST_INIT	(internal default used)	2021-07-08 18:49:30
TIME	0.000
SIM_END			0s	0m
IDLE	18:49:30
SIM_START	HighwayPilot_v1_2	2021-07-08 18:49:35
TIME	0.068
		Current random seed value = 1625762975
TIME	0.000
SIMULATE	HighwayPilot_v1_2

TIME	6.082
SIM_END		HighwayPilot_v1_2	6.079s	185.078m
SIM_START	HighwayPilot_v1_2	2021-07-08 18:49:45
TIME	0.067
		Current random seed value = 1625762985
TIME	0.000
SIMULATE	HighwayPilot_v1_2

TIME	26.506
SIM_END		HighwayPilot_v1_2	26.503s	918.945m
SHUTDOWN	CarMaker quick shutdown initiated

