APPLICATION	Car_Generic &lt;insert.your.version.no&gt; #2 (win64-9.1.1)
COMPILED	student@desktop-35mn2a9 2021-06-28 23:05:10
 
FIRST_INIT	(internal default used)	2021-06-28 23:05:37
TIME	0.000
SIM_END			0s	0m
IDLE	23:05:38
TIME	3.080
SIM_START	HighwayPilot	2021-06-28 23:06:09
TIME	0.000
SIMULATE	HighwayPilot

TIME	75.732
SIM_END		HighwayPilot	75.729s	3110.26m
TIME	82.243
SIM_START	HighwayPilot	2021-06-28 23:08:32
TIME	0.000
SIMULATE	HighwayPilot

TIME	32.003
SIM_END		HighwayPilot	32s	1288.2m
TIME	38.476
SHUTDOWN	CarMaker quick shutdown initiated

