APPLICATION	Car_Generic &lt;insert.your.version.no&gt; #1024 (win64-9.1.1)
COMPILED	student@desktop-35mn2a9 2021-07-22 22:44:28
 
FIRST_INIT	(internal default used)	2021-07-22 22:44:39
TIME	0.000
SIM_END			0s	0m
IDLE	22:44:40
SIM_START	HighwayPilot_v3_1	2021-07-22 22:44:42
TIME	0.079
		Current random seed value = 1626986682
TIME	0.000
SIMULATE	HighwayPilot_v3_1

TIME	150.347
SIM_END		HighwayPilot_v3_1	150.344s	4480.92m
TIME	152.756
SIM_START	HighwayPilot_v3_1	2021-07-22 22:45:39
TIME	0.075
		Current random seed value = 1626986739
TIME	0.000
SIMULATE	HighwayPilot_v3_1

TIME	119.564
SIM_END		HighwayPilot_v3_1	119.56s	3895.1m
SHUTDOWN	CarMaker quick shutdown initiated

