APPLICATION	Car_Generic &lt;insert.your.version.no&gt; #741 (win64-9.1.1)
COMPILED	student@desktop-35mn2a9 2021-07-13 16:18:09
 
FIRST_INIT	(internal default used)	2021-07-13 16:18:19
TIME	0.000
SIM_END			0s	0m
IDLE	16:18:19
SIM_START	HighwayPilot_v2_2	2021-07-13 16:18:21
TIME	0.068
		Current random seed value = 1626185901
TIME	0.000
SIMULATE	HighwayPilot_v2_2

TIME	35.992
SIM_END		HighwayPilot_v2_2	35.989s	1263.62m
SIM_START	HighwayPilot_v2_2	2021-07-13 16:19:12
TIME	0.068
		Current random seed value = 1626185952
TIME	0.000
SIMULATE	HighwayPilot_v2_2

TIME	43.044
SIM_END		HighwayPilot_v2_2	43.041s	1518.28m
SHUTDOWN	CarMaker quick shutdown initiated

