APPLICATION	Car_Generic &lt;insert.your.version.no&gt; #1077 (win64-9.1.1)
COMPILED	student@desktop-35mn2a9 2021-07-29 13:44:28
 
FIRST_INIT	(internal default used)	2021-07-29 14:19:17
TIME	0.000
SIM_END			0s	0m
IDLE	14:19:17
TIME	11.224
SIM_START	Scenario3_Overtake	2021-07-29 14:21:10
TIME	0.074
		Current random seed value = 1627561270
TIME	0.000
SIMULATE	Scenario3_Overtake

TIME	202.451
SIM_END		Scenario3_Overtake	202.448s	4474.85m
TIME	437.168
SIM_START	Scenario3_Overtake	2021-07-29 15:03:43
TIME	0.073
		Current random seed value = 1627563823
TIME	0.000
SIMULATE	Scenario3_Overtake

TIME	138.092
SIM_END		Scenario3_Overtake	138.089s	4474.99m
SIM_START	Scenario3_Overtake	2021-07-29 15:06:07
TIME	0.071
		Current random seed value = 1627563967
TIME	0.000
SIMULATE	Scenario3_Overtake

TIME	146.803
SIM_END		Scenario3_Overtake	146.8s	4476.26m
SIM_START	Scenario3_Overtake	2021-07-29 15:08:45
TIME	0.071
		Current random seed value = 1627564125
TIME	0.000
SIMULATE	Scenario3_Overtake

TIME	63.976
SIM_END		Scenario3_Overtake	63.973s	1863.7m
TIME	234.332
SHUTDOWN	CarMaker quick shutdown initiated

