APPLICATION	Car_Generic &lt;insert.your.version.no&gt; #1063 (win64-9.1.1)
COMPILED	student@desktop-35mn2a9 2021-07-28 20:19:54
 
FIRST_INIT	(internal default used)	2021-07-28 20:20:05
TIME	0.000
SIM_END			0s	0m
IDLE	20:20:06
SIM_START	Scenario1_Speedcontroll_ACC	2021-07-28 20:20:08
TIME	0.073
		Current random seed value = 1627496408
TIME	0.000
SIMULATE	Scenario1_Speedcontroll_ACC

TIME	144.432
SIM_END		Scenario1_Speedcontroll_ACC	144.428s	4475.2m
TIME	147.186
SIM_START	Scenario1_Speedcontroll_ACC	2021-07-28 20:21:26
TIME	0.073
		Current random seed value = 1627496486
TIME	0.000
SIMULATE	Scenario1_Speedcontroll_ACC

TIME	141.967
SIM_END		Scenario1_Speedcontroll_ACC	141.962s	4274.74m
SIM_START	Scenario1_Speedcontroll_ACC	2021-07-28 20:22:28
TIME	0.071
		Current random seed value = 1627496548
TIME	0.000
SIMULATE	Scenario1_Speedcontroll_ACC

TIME	147.757
SIM_END		Scenario1_Speedcontroll_ACC	147.754s	4475.18m
TIME	154.366
SHUTDOWN	CarMaker quick shutdown initiated

