APPLICATION	Car_Generic &lt;insert.your.version.no&gt; #152 (win64-9.1.1)
COMPILED	student@desktop-35mn2a9 2021-07-01 18:54:23
 
FIRST_INIT	(internal default used)	2021-07-01 18:54:31
TIME	0.000
SIM_END			0s	0m
IDLE	18:54:32
SIM_START	HighwayPilot_v1_2	2021-07-01 18:54:38
TIME	0.000
SIMULATE	HighwayPilot_v1_2

TIME	23.285
SIM_END		HighwayPilot_v1_2	23.282s	758.991m
TIME	26.083
SIM_START	HighwayPilot_v1_2	2021-07-01 18:55:30
TIME	0.000
SIMULATE	HighwayPilot_v1_2

TIME	8.732
SIM_END		HighwayPilot_v1_2	8.729s	239.043m
TIME	10.964
SIM_START	HighwayPilot_v1_2	2021-07-01 18:56:03
TIME	0.000
SIMULATE	HighwayPilot_v1_2

TIME	89.909
SIM_END		HighwayPilot_v1_2	89.906s	3159.86m
SIM_START	HighwayPilot_v1_2	2021-07-01 18:57:47
TIME	0.000
SIMULATE	HighwayPilot_v1_2

TIME	17.917
SIM_END		HighwayPilot_v1_2	17.914s	565.499m
TIME	64.022
SHUTDOWN	CarMaker quick shutdown initiated

