APPLICATION	Car_Generic &lt;insert.your.version.no&gt; #807 (win64-9.1.1)
COMPILED	student@desktop-35mn2a9 2021-07-13 19:00:31
 
FIRST_INIT	(internal default used)	2021-07-13 19:00:39
TIME	0.000
SIM_END			0s	0m
IDLE	19:00:40
SIM_START	HighwayPilot_v2_2	2021-07-13 19:00:44
TIME	0.067
		Current random seed value = 1626195644
TIME	0.000
SIMULATE	HighwayPilot_v2_2

TIME	155.715
SIM_END		HighwayPilot_v2_2	155.712s	4478.57m
SIM_START	HighwayPilot_v2_2	2021-07-13 19:01:43
TIME	0.066
		Current random seed value = 1626195703
TIME	0.000
SIMULATE	HighwayPilot_v2_2

TIME	139.272
SIM_END		HighwayPilot_v2_2	139.269s	4164.94m
SHUTDOWN	CarMaker quick shutdown initiated

