APPLICATION	Car_Generic &lt;insert.your.version.no&gt; #915 (win64-9.1.1)
COMPILED	student@desktop-35mn2a9 2021-07-20 22:10:30
 
FIRST_INIT	(internal default used)	2021-07-20 22:10:45
TIME	0.000
SIM_END			0s	0m
IDLE	22:10:46
SIM_START	HighwayPilot_v2_2	2021-07-20 22:10:50
TIME	0.082
		Current random seed value = 1626811850
TIME	0.000
SIMULATE	HighwayPilot_v2_2

TIME	46.461
SIM_END		HighwayPilot_v2_2	46.457s	1405.67m
SIM_START	HighwayPilot_v2_2	2021-07-20 22:11:41
TIME	0.075
		Current random seed value = 1626811901
TIME	0.000
SIMULATE	HighwayPilot_v2_2

TIME	41.258
SHUTDOWN	CarMaker quick shutdown initiated

SIM_END		HighwayPilot_v2_2	41.258s	1234.48m
