APPLICATION	Car_Generic &lt;insert.your.version.no&gt; #876 (win64-9.1.1)
COMPILED	student@desktop-35mn2a9 2021-07-20 02:23:46
 
FIRST_INIT	(internal default used)	2021-07-20 02:23:57
TIME	0.000
SIM_END			0s	0m
IDLE	02:23:58
SIM_START	HighwayPilot_v2_2	2021-07-20 02:24:01
TIME	0.077
		Current random seed value = 1626740641
TIME	0.000
SIMULATE	HighwayPilot_v2_2

TIME	151.764
SIM_END		HighwayPilot_v2_2	151.761s	4473.4m
TIME	155.244
SIM_START	HighwayPilot_v2_2	2021-07-20 02:25:09
TIME	0.076
		Current random seed value = 1626740709
TIME	0.000
SIMULATE	HighwayPilot_v2_2

TIME	95.663
SIM_END		HighwayPilot_v2_2	95.659s	3263.74m
TIME	97.868
SHUTDOWN	CarMaker quick shutdown initiated

