APPLICATION	Car_Generic &lt;insert.your.version.no&gt; #409 (win64-9.1.1)
COMPILED	student@desktop-35mn2a9 2021-07-05 23:10:49
 
FIRST_INIT	(internal default used)	2021-07-05 23:10:57
TIME	0.000
SIM_END			0s	0m
IDLE	23:10:58
SIM_START	HighwayPilot_v1_2	2021-07-05 23:11:00
TIME	0.066
		Current random seed value = 1625519460
TIME	0.000
SIMULATE	HighwayPilot_v1_2

TIME	14.356
SIM_END		HighwayPilot_v1_2	14.353s	385.794m
SIM_START	HighwayPilot_v1_2	2021-07-05 23:11:18
TIME	0.066
		Current random seed value = 1625519478
TIME	0.000
SIMULATE	HighwayPilot_v1_2

TIME	80.121
SIM_END		HighwayPilot_v1_2	80.118s	1922.52m
SHUTDOWN	CarMaker quick shutdown initiated

