APPLICATION	Car_Generic &lt;insert.your.version.no&gt; #173 (win64-9.1.1)
COMPILED	student@desktop-35mn2a9 2021-07-02 16:46:20
 
FIRST_INIT	(internal default used)	2021-07-02 17:08:47
TIME	0.000
SIM_END			0s	0m
IDLE	17:08:48
SIM_START	HighwayPilot_v1_2	2021-07-02 17:09:05
TIME	0.000
SIMULATE	HighwayPilot_v1_2

TIME	19.912
SIM_END		HighwayPilot_v1_2	19.909s	640.295m
TIME	0.001
TIME	24.532
SIM_START	HighwayPilot_v1_2	2021-07-02 17:10:13
TIME	0.000
SIMULATE	HighwayPilot_v1_2

TIME	30.126
SIM_END		HighwayPilot_v1_2	30.123s	1009.08m
TIME	686.710
SHUTDOWN	CarMaker quick shutdown initiated

