APPLICATION	Car_Generic &lt;insert.your.version.no&gt; #1076 (win64-9.1.1)
COMPILED	student@desktop-35mn2a9 2021-07-28 22:30:41
 
FIRST_INIT	(internal default used)	2021-07-28 22:31:07
TIME	0.000
SIM_END			0s	0m
IDLE	22:31:08
SIM_START	Scenario3_Overtake	2021-07-28 22:31:10
TIME	0.074
		Current random seed value = 1627504270
TIME	0.000
SIMULATE	Scenario3_Overtake

TIME	145.298
SIM_END		Scenario3_Overtake	145.294s	4478.66m
TIME	0.001
TIME	149.887
SIM_START	Scenario3_Overtake	2021-07-28 22:32:27
TIME	0.074
		Current random seed value = 1627504347
TIME	0.000
SIMULATE	Scenario3_Overtake

TIME	151.598
SIM_END		Scenario3_Overtake	151.594s	4370.35m
SIM_START	Scenario3_Overtake	2021-07-28 22:33:12
TIME	0.072
		Current random seed value = 1627504392
TIME	0.000
SIMULATE	Scenario3_Overtake

TIME	164.314
SIM_END		Scenario3_Overtake	164.31s	4475.79m
TIME	166.494
SIM_START	Scenario3_Overtake	2021-07-28 22:34:09
TIME	0.071
		Current random seed value = 1627504449
TIME	0.000
SIMULATE	Scenario3_Overtake

TIME	147.734
SIM_END		Scenario3_Overtake	147.728s	4475.82m
SHUTDOWN	CarMaker quick shutdown initiated

