APPLICATION	Car_Generic &lt;insert.your.version.no&gt; #822 (win64-9.1.1)
COMPILED	student@desktop-35mn2a9 2021-07-13 19:22:53
 
FIRST_INIT	(internal default used)	2021-07-13 19:24:31
TIME	0.000
SIM_END			0s	0m
IDLE	19:24:31
SIM_START	HighwayPilot_v2_2	2021-07-13 19:24:35
TIME	0.067
		Current random seed value = 1626197075
TIME	0.000
SIMULATE	HighwayPilot_v2_2

TIME	66.815
SIM_END		HighwayPilot_v2_2	66.812s	1993.52m
TIME	0.001
TIME	75.791
SIM_START	HighwayPilot_v2_2	2021-07-13 19:26:29
TIME	0.066
		Current random seed value = 1626197189
TIME	0.000
SIMULATE	HighwayPilot_v2_2

TIME	148.431
SIM_END		HighwayPilot_v2_2	148.428s	4473.42m
SIM_START	HighwayPilot_v2_2	2021-07-13 19:27:27
TIME	0.064
		Current random seed value = 1626197247
TIME	0.000
SIMULATE	HighwayPilot_v2_2

TIME	22.026
SIM_END		HighwayPilot_v2_2	22.022s	607.441m
SIM_START	HighwayPilot_v2_2	2021-07-13 19:27:40
TIME	0.064
		Current random seed value = 1626197260
TIME	0.000
SIMULATE	HighwayPilot_v2_2

TIME	137.083
SIM_END		HighwayPilot_v2_2	137.08s	3699.4m
SHUTDOWN	CarMaker quick shutdown initiated

