APPLICATION	Car_Generic &lt;insert.your.version.no&gt; #1038 (win64-9.1.1)
COMPILED	student@desktop-35mn2a9 2021-07-28 18:31:14
 
FIRST_INIT	(internal default used)	2021-07-28 18:31:24
TIME	0.000
SIM_END			0s	0m
IDLE	18:31:24
SIM_START	HighwayPilot_v3_1	2021-07-28 18:31:27
TIME	0.073
		Current random seed value = 1627489887
TIME	0.000
SIMULATE	HighwayPilot_v3_1

TIME	87.914
SIM_END		HighwayPilot_v3_1	87.911s	2857.74m
TIME	92.289
SIM_START	HighwayPilot_v3_1	2021-07-28 18:32:57
TIME	0.073
		Current random seed value = 1627489977
TIME	0.000
SIMULATE	HighwayPilot_v3_1

TIME	84.291
SIM_END		HighwayPilot_v3_1	84.287s	2490.08m
SIM_START	HighwayPilot_v3_1	2021-07-28 18:33:34
TIME	0.073
		Current random seed value = 1627490014
TIME	0.000
SIMULATE	HighwayPilot_v3_1

TIME	93.071
SIM_END		HighwayPilot_v3_1	93.067s	2736.21m
SHUTDOWN	CarMaker quick shutdown initiated

