APPLICATION	Car_Generic &lt;insert.your.version.no&gt; #1005 (win64-9.1.1)
COMPILED	student@desktop-35mn2a9 2021-07-22 22:00:56
 
FIRST_INIT	(internal default used)	2021-07-22 22:01:08
TIME	0.000
SIM_END			0s	0m
IDLE	22:01:09
SIM_START	HighwayPilot_v3_1	2021-07-22 22:01:12
TIME	0.084
		Current random seed value = 1626984072
TIME	0.000
SIMULATE	HighwayPilot_v3_1

TIME	130.600
SIM_END		HighwayPilot_v3_1	130.596s	3776.5m
SIM_START	HighwayPilot_v3_1	2021-07-22 22:01:42
TIME	0.076
		Current random seed value = 1626984102
TIME	0.000
SIMULATE	HighwayPilot_v3_1

TIME	149.779
SIM_END		HighwayPilot_v3_1	149.775s	4384.35m
TIME	152.583
SHUTDOWN	CarMaker quick shutdown initiated

