APPLICATION	Car_Generic &lt;insert.your.version.no&gt; #1134 (win64-9.1.1)
COMPILED	student@desktop-35mn2a9 2021-08-03 18:22:55
 
FIRST_INIT	(internal default used)	2021-08-03 18:30:22
TIME	0.000
SIM_END			0s	0m
IDLE	18:30:23
SIM_START	Scenario4_Overtake	2021-08-03 18:30:29
TIME	0.074
		Current random seed value = 1628008229
TIME	0.000
SIMULATE	Scenario4_Overtake

TIME	64.201
SIM_END		Scenario4_Overtake	64.197s	1890.73m
TIME	67.811
SIM_START	Scenario3_LaneKeeping_LaneChange	2021-08-03 18:31:29
TIME	0.072
		Current random seed value = 1628008289
TIME	0.000
SIMULATE	Scenario3_LaneKeeping_LaneChange

TIME	17.299
SIM_END		Scenario3_LaneKeeping_LaneChange	17.295s	352.348m
TIME	42.625
SHUTDOWN	CarMaker quick shutdown initiated

