APPLICATION	Car_Generic &lt;insert.your.version.no&gt; #43 (win64-9.1.1)
COMPILED	student@desktop-35mn2a9 2021-06-29 02:29:17
 
FIRST_INIT	(internal default used)	2021-06-29 15:45:23
TIME	0.000
SIM_END			0s	0m
IDLE	15:45:24
SIM_START	HighwayPilot	2021-06-29 15:45:25
TIME	0.000
SIMULATE	HighwayPilot

TIME	27.170
SIM_END		HighwayPilot	27.167s	953.534m
TIME	32.930
SIM_START	HighwayPilot	2021-06-29 15:47:04
TIME	0.000
SIMULATE	HighwayPilot

TIME	11.388
SIM_END		HighwayPilot	11.385s	324.231m
TIME	122.533
SIM_START	HighwayPilot	2021-06-29 16:05:49
TIME	0.010
ERROR		AccelCtrl.ACC: no ObjectSensor found with the name 'RadarL'
SIM_ABORT	HighwayPilot	0s	324.231m
TIME	2.802
SIM_START	HighwayPilot	2021-06-29 16:06:17
TIME	0.000
SIMULATE	HighwayPilot

TIME	28.075
SIM_END		HighwayPilot	28.072s	1001.57m
TIME	58.770
SHUTDOWN	CarMaker quick shutdown initiated

