APPLICATION	Car_Generic &lt;insert.your.version.no&gt; #1033 (win64-9.1.1)
COMPILED	student@desktop-35mn2a9 2021-07-28 17:10:21
 
FIRST_INIT	(internal default used)	2021-07-28 17:11:21
TIME	0.000
SIM_END			0s	0m
IDLE	17:11:21
TIME	4.532
SIM_START	HighwayPilot_v3_1	2021-07-28 17:12:06
TIME	0.074
		Current random seed value = 1627485126
WARNING		Cannot start simulation, must be in state 'Idle' (currently 'StartSim')
TIME	0.000
SIMULATE	HighwayPilot_v3_1

WARNING		Cannot start simulation, must be in state 'Idle' (currently 'Simulate')
TIME	121.781
SIM_END		HighwayPilot_v3_1	121.777s	3531.55m
SIM_START	HighwayPilot_v3_1	2021-07-28 17:14:14
TIME	0.072
		Current random seed value = 1627485254
TIME	0.000
SIMULATE	HighwayPilot_v3_1

TIME	88.199
SIM_END		HighwayPilot_v3_1	88.196s	2836.58m
TIME	129.861
SIM_START	HighwayPilot_v3_1	2021-07-28 17:22:41
TIME	0.072
		Current random seed value = 1627485761
TIME	0.000
SIMULATE	HighwayPilot_v3_1

TIME	54.076
SIM_END		HighwayPilot_v3_1	54.073s	1463.07m
SIM_START	HighwayPilot_v3_1	2021-07-28 17:23:40
TIME	0.072
		Current random seed value = 1627485820
TIME	0.000
SIMULATE	HighwayPilot_v3_1

TIME	45.665
SIM_END		HighwayPilot_v3_1	45.661s	1250.14m
SIM_START	HighwayPilot_v3_1	2021-07-28 17:24:32
TIME	0.073
		Current random seed value = 1627485872
TIME	0.000
SIMULATE	HighwayPilot_v3_1

TIME	121.636
SIM_END		HighwayPilot_v3_1	121.633s	3549.08m
TIME	359.651
SHUTDOWN	CarMaker quick shutdown initiated

