APPLICATION	Car_Generic &lt;insert.your.version.no&gt; #1062 (win64-9.1.1)
COMPILED	student@desktop-35mn2a9 2021-07-28 19:52:21
 
FIRST_INIT	(internal default used)	2021-07-28 19:52:33
TIME	0.000
SIM_END			0s	0m
IDLE	19:52:33
SIM_START	HighwayPilot_LaneChangeProtect_Overtake	2021-07-28 19:52:36
TIME	0.074
		Current random seed value = 1627494756
TIME	0.000
SIMULATE	HighwayPilot_LaneChangeProtect_Overtake

TIME	143.265
SIM_END		HighwayPilot_LaneChangeProtect_Overtake	143.261s	4475.8m
SIM_START	HighwayPilot_LaneChangeProtect_Overtake	2021-07-28 19:53:29
TIME	0.073
		Current random seed value = 1627494809
TIME	0.000
SIMULATE	HighwayPilot_LaneChangeProtect_Overtake

TIME	151.148
SIM_END		HighwayPilot_LaneChangeProtect_Overtake	151.145s	4476.41m
TIME	153.342
SHUTDOWN	CarMaker quick shutdown initiated

