APPLICATION	Car_Generic &lt;insert.your.version.no&gt; #809 (win64-9.1.1)
COMPILED	student@desktop-35mn2a9 2021-07-13 19:06:37
 
FIRST_INIT	(internal default used)	2021-07-13 19:06:48
TIME	0.000
SIM_END			0s	0m
IDLE	19:06:48
SIM_START	HighwayPilot_v2_2	2021-07-13 19:06:51
TIME	0.068
		Current random seed value = 1626196011
TIME	0.000
SIMULATE	HighwayPilot_v2_2

TIME	148.432
SIM_END		HighwayPilot_v2_2	148.428s	4474.48m
SIM_START	HighwayPilot_v2_2	2021-07-13 19:07:47
TIME	0.068
		Current random seed value = 1626196067
TIME	0.000
SIMULATE	HighwayPilot_v2_2

TIME	154.648
SIM_END		HighwayPilot_v2_2	154.645s	4478.38m
TIME	157.961
SIM_START	HighwayPilot_v2_2	2021-07-13 19:09:14
TIME	0.064
		Current random seed value = 1626196154
TIME	0.000
SIMULATE	HighwayPilot_v2_2

TIME	9.176
ERROR		Vehicle leaves road at about x=177.988, y=25.9135 TireNo=1
SIM_ABORT	HighwayPilot_v2_2	9.176s	183.42m
TIME	12.809
SHUTDOWN	CarMaker quick shutdown initiated

