APPLICATION	Car_Generic &lt;insert.your.version.no&gt; #761 (win64-9.1.1)
COMPILED	student@desktop-35mn2a9 2021-07-13 16:46:56
 
FIRST_INIT	(internal default used)	2021-07-13 16:47:04
TIME	0.000
SIM_END			0s	0m
IDLE	16:47:05
SIM_START	HighwayPilot_v2_2	2021-07-13 16:47:07
TIME	0.069
		Current random seed value = 1626187627
TIME	0.000
SIMULATE	HighwayPilot_v2_2

TIME	28.093
SIM_END		HighwayPilot_v2_2	28.09s	597.282m
TIME	31.613
SIM_START	HighwayPilot_v2_2	2021-07-13 16:48:12
TIME	0.064
		Current random seed value = 1626187692
TIME	0.000
SIMULATE	HighwayPilot_v2_2

TIME	4.860
ERROR		Vehicle leaves road at about x=142.663, y=7.81123 TireNo=3
SIM_ABORT	HighwayPilot_v2_2	4.86s	142.811m
TIME	7.389
SHUTDOWN	CarMaker quick shutdown initiated

