APPLICATION	Car_Generic &lt;insert.your.version.no&gt; #577 (win64-9.1.1)
COMPILED	student@desktop-35mn2a9 2021-07-08 22:29:40
 
FIRST_INIT	(internal default used)	2021-07-08 22:29:51
TIME	0.000
SIM_END			0s	0m
IDLE	22:29:52
SIM_START	HighwayPilot_v1_2	2021-07-08 22:29:54
TIME	0.067
		Current random seed value = 1625776194
TIME	0.000
SIMULATE	HighwayPilot_v1_2

TIME	40.128
SIM_END		HighwayPilot_v1_2	40.125s	1398.75m
TIME	0.001
SIM_START	HighwayPilot_v1_2	2021-07-08 22:31:44
TIME	0.066
		Current random seed value = 1625776304
TIME	0.000
SIMULATE	HighwayPilot_v1_2

TIME	49.374
SIM_END		HighwayPilot_v1_2	49.371s	1731.94m
SHUTDOWN	CarMaker quick shutdown initiated

