APPLICATION	Car_Generic &lt;insert.your.version.no&gt; #484 (win64-9.1.1)
COMPILED	student@desktop-35mn2a9 2021-07-06 02:38:24
 
FIRST_INIT	(internal default used)	2021-07-07 21:19:26
TIME	0.000
SIM_END			0s	0m
IDLE	21:19:26
TIME	3.090
SIM_START	HighwayPilot_v1_2	2021-07-07 21:19:57
TIME	0.088
		Current random seed value = 1625685597
TIME	0.000
SIMULATE	HighwayPilot_v1_2

TIME	60.808
SIM_END		HighwayPilot_v1_2	60.805s	1485.74m
SIM_START	HighwayPilot_v1_2	2021-07-07 21:21:12
TIME	0.064
		Current random seed value = 1625685672
TIME	0.000
SIMULATE	HighwayPilot_v1_2

TIME	42.290
SIM_END		HighwayPilot_v1_2	42.287s	1074.89m
TIME	44.379
SIM_START	HighwayPilot_v1_2	2021-07-07 21:22:17
TIME	0.066
		Current random seed value = 1625685737
TIME	0.000
SIMULATE	HighwayPilot_v1_2

TIME	87.702
SIM_END		HighwayPilot_v1_2	87.699s	2082.5m
SIM_START	HighwayPilot_v1_2	2021-07-07 21:23:49
TIME	0.065
		Current random seed value = 1625685829
TIME	0.000
SIMULATE	HighwayPilot_v1_2

TIME	52.519
SIM_END		HighwayPilot_v1_2	52.516s	1301.83m
TIME	57.803
SHUTDOWN	CarMaker quick shutdown initiated

