APPLICATION	Car_Generic &lt;insert.your.version.no&gt; #786 (win64-9.1.1)
COMPILED	student@desktop-35mn2a9 2021-07-13 17:14:15
 
FIRST_INIT	(internal default used)	2021-07-13 17:14:23
TIME	0.000
SIM_END			0s	0m
IDLE	17:14:24
SIM_START	HighwayPilot_v2_2	2021-07-13 17:14:25
TIME	0.067
		Current random seed value = 1626189265
TIME	0.000
SIMULATE	HighwayPilot_v2_2

TIME	44.865
ERROR		Vehicle leaves road at about x=201.403, y=71.7693 TireNo=1
SIM_ABORT	HighwayPilot_v2_2	44.865s	880.947m
TIME	47.090
SIM_START	HighwayPilot_v2_2	2021-07-13 17:15:34
TIME	0.066
		Current random seed value = 1626189334
TIME	0.000
SIMULATE	HighwayPilot_v2_2

TIME	28.847
SHUTDOWN	CarMaker quick shutdown initiated

SIM_END		HighwayPilot_v2_2	28.847s	851.566m
