APPLICATION	Car_Generic &lt;insert.your.version.no&gt; #810 (win64-9.1.1)
COMPILED	student@desktop-35mn2a9 2021-07-13 19:10:00
 
FIRST_INIT	(internal default used)	2021-07-13 19:10:08
TIME	0.000
SIM_END			0s	0m
IDLE	19:10:08
SIM_START	HighwayPilot_v2_2	2021-07-13 19:10:12
TIME	0.065
		Current random seed value = 1626196212
TIME	0.000
SIMULATE	HighwayPilot_v2_2

TIME	13.861
ERROR		Vehicle leaves road at about x=190.671, y=153.445 TireNo=3
SIM_ABORT	HighwayPilot_v2_2	13.861s	316.323m
TIME	0.001
SIM_START	HighwayPilot_v2_2	2021-07-13 19:12:04
TIME	0.065
		Current random seed value = 1626196324
TIME	0.000
SIMULATE	HighwayPilot_v2_2

TIME	13.862
ERROR		Vehicle leaves road at about x=190.66, y=153.463 TireNo=3
SIM_ABORT	HighwayPilot_v2_2	13.862s	316.343m
TIME	18.842
SHUTDOWN	CarMaker quick shutdown initiated

