APPLICATION	Car_Generic &lt;insert.your.version.no&gt; #823 (win64-9.1.1)
COMPILED	student@desktop-35mn2a9 2021-07-19 12:10:15
 
FIRST_INIT	(internal default used)	2021-07-19 12:10:31
TIME	0.000
SIM_END			0s	0m
IDLE	12:10:31
SIM_START	HighwayPilot_v2_2	2021-07-19 12:10:35
TIME	0.088
		Current random seed value = 1626689435
TIME	0.000
SIMULATE	HighwayPilot_v2_2

TIME	14.083
SIM_END		HighwayPilot_v2_2	14.079s	329.84m
SIM_START	HighwayPilot_v2_2	2021-07-19 12:10:54
TIME	0.075
		Current random seed value = 1626689454
TIME	0.000
SIMULATE	HighwayPilot_v2_2

TIME	118.282
SIM_END		HighwayPilot_v2_2	118.279s	3464.85m
SHUTDOWN	CarMaker quick shutdown initiated

