APPLICATION	Car_Generic &lt;insert.your.version.no&gt; #896 (win64-9.1.1)
COMPILED	student@desktop-35mn2a9 2021-07-20 20:48:35
 
FIRST_INIT	(internal default used)	2021-07-20 20:48:48
TIME	0.000
SIM_END			0s	0m
IDLE	20:48:48
SIM_START	HighwayPilot_v2_2	2021-07-20 20:48:52
TIME	0.092
		Current random seed value = 1626806932
TIME	0.000
SIMULATE	HighwayPilot_v2_2

TIME	41.196
SIM_END		HighwayPilot_v2_2	41.192s	1277.96m
SIM_START	HighwayPilot_v2_2	2021-07-20 20:49:38
TIME	0.075
		Current random seed value = 1626806978
TIME	0.000
SIMULATE	HighwayPilot_v2_2

TIME	40.835
SIM_END		HighwayPilot_v2_2	40.831s	1271.88m
SHUTDOWN	CarMaker quick shutdown initiated

