APPLICATION	Car_Generic &lt;insert.your.version.no&gt; #1023 (win64-9.1.1)
COMPILED	student@desktop-35mn2a9 2021-07-22 22:41:20
 
FIRST_INIT	(internal default used)	2021-07-22 22:41:31
TIME	0.000
SIM_END			0s	0m
IDLE	22:41:32
SIM_START	HighwayPilot_v3_1	2021-07-22 22:41:35
TIME	0.078
		Current random seed value = 1626986495
TIME	0.000
SIMULATE	HighwayPilot_v3_1

TIME	79.127
SIM_END		HighwayPilot_v3_1	79.123s	2347.95m
SIM_START	HighwayPilot_v3_1	2021-07-22 22:41:56
TIME	0.075
		Current random seed value = 1626986516
TIME	0.000
SIMULATE	HighwayPilot_v3_1

TIME	62.307
SIM_END		HighwayPilot_v3_1	62.304s	1548.31m
SHUTDOWN	CarMaker quick shutdown initiated

