APPLICATION	CarMaker 9.1.1 - Car_Generic #475 (win64-9.1.1)
COMPILED	fh@obelix.ipg 2020-12-18 15:49:20
 
FIRST_INIT	(internal default used)	2021-06-26 18:55:09
TIME	0.000
SIM_END			0s	0m
IDLE	18:55:10
SIM_START	HighwayPilot	2021-06-26 18:55:17
TIME	0.000
SIMULATE	HighwayPilot

TIME	53.610
SIM_END		HighwayPilot	53.607s	1607.84m
TIME	70.105
SIM_START	HighwayPilot	2021-06-26 18:59:06
TIME	0.000
SIMULATE	HighwayPilot

TIME	139.755
SIM_END		HighwayPilot	139.752s	4475.25m
TIME	491.069
SIM_START	HighwayPilot	2021-06-26 20:01:51
TIME	0.000
SIMULATE	HighwayPilot

TIME	139.755
SIM_END		HighwayPilot	139.752s	4475.25m
TIME	334.422
SIM_START	HighwayPilot	2021-06-26 20:36:40
TIME	0.000
SIMULATE	HighwayPilot

TIME	139.755
SIM_END		HighwayPilot	139.752s	4475.25m
TIME	144.019
SIM_START	HighwayPilot	2021-06-26 20:39:45
TIME	0.000
SIMULATE	HighwayPilot

TIME	139.755
SIM_END		HighwayPilot	139.752s	4475.25m
SIM_START	HighwayPilot	2021-06-26 20:42:15
TIME	0.000
SIMULATE	HighwayPilot

TIME	113.379
SIM_END		HighwayPilot	113.376s	3596.75m
SIM_START	HighwayPilot	2021-06-26 20:44:16
TIME	0.000
SIMULATE	HighwayPilot

TIME	123.992
SIM_END		HighwayPilot	123.987s	3950.17m
SIM_START	HighwayPilot	2021-06-26 20:46:27
TIME	0.000
SIMULATE	HighwayPilot

TIME	139.757
SIM_END		HighwayPilot	139.752s	4475.25m
SIM_START	HighwayPilot	2021-06-26 20:49:01
TIME	0.000
SIMULATE	HighwayPilot

TIME	120.259
SIM_END		HighwayPilot	120.256s	3825.9m
TIME	161.649
SIM_START	HighwayPilot	2021-06-26 20:57:58
TIME	0.000
SIMULATE	HighwayPilot

TIME	32.943
SIM_END		HighwayPilot	32.939s	937.439m
TIME	566.620
SIM_START	HighwayPilot	2021-06-26 22:27:30
TIME	0.000
SIMULATE	HighwayPilot

TIME	139.755
SIM_END		HighwayPilot	139.752s	4475.25m
SHUTDOWN	CarMaker quick shutdown initiated

