APPLICATION	Car_Generic &lt;insert.your.version.no&gt; #1103 (win64-9.1.1)
COMPILED	student@desktop-35mn2a9 2021-08-03 17:15:41
 
FIRST_INIT	(internal default used)	2021-08-03 17:15:50
TIME	0.000
SIM_END			0s	0m
IDLE	17:15:50
SIM_START	Scenario2_Clothoid_Drive	2021-08-03 17:15:54
TIME	0.074
		Current random seed value = 1628003754
TIME	0.000
SIMULATE	Scenario2_Clothoid_Drive

TIME	14.150
SIM_END		Scenario2_Clothoid_Drive	14.146s	333.816m
TIME	19.427
SIM_START	Scenario2_Clothoid_Drive	2021-08-03 17:16:54
TIME	0.073
		Current random seed value = 1628003814
TIME	0.000
SIMULATE	Scenario2_Clothoid_Drive

TIME	9.198
ERROR		Vehicle leaves road at about x=179.385, y=27.6251 TireNo=1
SIM_ABORT	Scenario2_Clothoid_Drive	9.198s	184.912m
SHUTDOWN	CarMaker quick shutdown initiated

