APPLICATION	Car_Generic &lt;insert.your.version.no&gt; #701 (win64-9.1.1)
COMPILED	student@desktop-35mn2a9 2021-07-13 12:20:00
 
FIRST_INIT	(internal default used)	2021-07-13 12:21:35
TIME	0.000
SIM_END			0s	0m
IDLE	12:21:35
TIME	2.664
SIM_START	HighwayPilot_v2_2	2021-07-13 12:22:02
TIME	0.089
		Current random seed value = 1626171722
TIME	0.000
SIMULATE	HighwayPilot_v2_2

TIME	28.179
SIM_END		HighwayPilot_v2_2	28.176s	967.577m
SIM_START	HighwayPilot_v2_2	2021-07-13 12:22:44
TIME	0.065
		Current random seed value = 1626171764
TIME	0.000
SIMULATE	HighwayPilot_v2_2

TIME	25.481
SIM_END		HighwayPilot_v2_2	25.478s	880.922m
SIM_START	HighwayPilot_v2_2	2021-07-13 12:23:13
TIME	0.065
		Current random seed value = 1626171793
TIME	0.000
SIMULATE	HighwayPilot_v2_2

TIME	69.160
ERROR		Embedded FARoadSensor Route:  xyz (0.02 -12.13 0.02) at 2070.786 not found on Road
SIM_ABORT	HighwayPilot_v2_2	69.16s	2080.96m
SHUTDOWN	CarMaker quick shutdown initiated

