APPLICATION	Car_Generic &lt;insert.your.version.no&gt; #554 (win64-9.1.1)
COMPILED	student@desktop-35mn2a9 2021-07-08 14:01:37
 
FIRST_INIT	(internal default used)	2021-07-08 14:02:01
TIME	0.000
SIM_END			0s	0m
IDLE	14:02:01
SIM_START	HighwayPilot_v1_2	2021-07-08 14:02:13
TIME	0.067
		Current random seed value = 1625745733
TIME	0.000
SIMULATE	HighwayPilot_v1_2

TIME	90.746
SIM_END		HighwayPilot_v1_2	90.743s	3197.12m
SIM_START	HighwayPilot_v1_2	2021-07-08 14:03:50
TIME	0.064
		Current random seed value = 1625745830
TIME	0.000
SIMULATE	HighwayPilot_v1_2

TIME	41.732
SIM_END		HighwayPilot_v1_2	41.729s	1428.11m
SHUTDOWN	CarMaker quick shutdown initiated

