APPLICATION	Car_Generic &lt;insert.your.version.no&gt; #182 (win64-9.1.1)
COMPILED	student@desktop-35mn2a9 2021-07-02 19:10:56
 
FIRST_INIT	(internal default used)	2021-07-02 19:11:05
TIME	0.000
SIM_END			0s	0m
IDLE	19:11:05
SIM_START	HighwayPilot_v1_2	2021-07-02 19:11:08
TIME	0.000
SIMULATE	HighwayPilot_v1_2

TIME	5.035
ERROR		Vehicle leaves road at about x=-1509.5, y=866.779 TireNo=1
SIM_ABORT	HighwayPilot_v1_2	5.035s	129.849m
TIME	28.880
SIM_START	HighwayPilot_v1_2	2021-07-02 19:15:14
TIME	0.000
SIMULATE	HighwayPilot_v1_2

TIME	5.035
ERROR		Vehicle leaves road at about x=-1509.5, y=866.779 TireNo=1
SIM_ABORT	HighwayPilot_v1_2	5.035s	129.849m
SHUTDOWN	CarMaker quick shutdown initiated

