APPLICATION	Car_Generic &lt;insert.your.version.no&gt; #485 (win64-9.1.1)
COMPILED	student@desktop-35mn2a9 2021-07-07 21:25:46
 
FIRST_INIT	(internal default used)	2021-07-07 21:26:00
TIME	0.000
SIM_END			0s	0m
IDLE	21:26:01
SIM_START	HighwayPilot_v1_2	2021-07-07 21:26:08
TIME	0.067
		Current random seed value = 1625685968
TIME	0.000
SIMULATE	HighwayPilot_v1_2

TIME	42.502
SIM_END		HighwayPilot_v1_2	42.499s	1079.59m
TIME	45.308
SIM_START	HighwayPilot_v1_2	2021-07-07 21:27:20
TIME	0.066
		Current random seed value = 1625686040
TIME	0.000
SIMULATE	HighwayPilot_v1_2

TIME	40.310
SIM_END		HighwayPilot_v1_2	40.307s	1030.96m
TIME	90.309
SHUTDOWN	CarMaker quick shutdown initiated

